C51 COMPILER V9.00   MAIN                                                                  03/10/2016 16:30:09 PAGE 1   


C51 COMPILER V9.00, COMPILATION OF MODULE MAIN
OBJECT MODULE PLACED IN main.obj
COMPILER INVOKED BY: C:\Keil\C51\BIN\C51.EXE Receiver\main.c LARGE BROWSE INCDIR(.\Receiver) DEBUG OBJECTEXTEND PRINT(.\
                    -main.lst) TABS(2) OBJECT(main.obj)

line level    source

   1          #include "STC15F2K60S2.H"
   2          #include "usart.h"
   3          #include "key.h"
   4          #include "tm1629.h"
   5          #include "timer.h"
   6          #include "ds1302.h"
   7          #include "ev1527.h"
   8          #include "decoder.h"
   9          #include "gd5800.h"
  10          #include "menu.h"
  11          #include "printer.h"
  12          #include "global.h"
  13          #include "pca.h"
  14          
  15          void main()
  16          { 
  17   1      #ifndef TRANSMIT_KEY
                uint8_t key_value=0;
              #endif
  20   1        //WDT_CONTR = 0x00;
  21   1        UsartInit();  //串口初始化
  22   1      #ifdef DEBUG
                uart_printf("UsartInit Complete! \r\n");
              #endif
  25   1        
  26   1      #ifdef DEBUG
                uart_printf("tm1629_init Complete! \r\n");
              #endif
  29   1        Init_Timer0();
  30   1      #ifdef DEBUG
                uart_printf("Init_Timer0 Complete! \r\n");
              #endif
  33   1        Init_Timer1();
  34   1      #ifdef DEBUG
                uart_printf("Init_Timer1 Complete! \r\n");
              #endif
  37   1        exint0_init();
  38   1      #ifdef DEBUG
                uart_printf("exint0_init Complete! \r\n");
              #endif
  41   1        Ds1302_Init();
  42   1      #ifdef DEBUG
                uart_printf("Ds1302_Init Complete! \r\n");
              #endif
  45   1        GD5800_initialization();
  46   1        delay10ms();
  47   1      #ifdef DEBUG
                uart_printf("GD5800_initialization Complete! \r\n");
              #endif
  50   1        //Ds1302_Write_Time();
  51   1      #if 0 //def PRINTER
                   printer58mm_initialization();
              #endif
  54   1        P3M1 = 0X0C; //IO口设置为输入 必须添加 否则无法解码
C51 COMPILER V9.00   MAIN                                                                  03/10/2016 16:30:09 PAGE 2   

  55   1        P3M0 = 0X00;
  56   1      #ifdef TRANSMIT_KEY
  57   1        P1M1 |= 0x00;
  58   1        P1M0 |= 0x04;
  59   1        pca_timer_init();
  60   1      #endif
  61   1      
  62   1        tm1629_init();
  63   1        //GD5800_select_chapter(CHUSHIHUA);
  64   1        //env_init();
  65   1        
  66   1      #ifdef WDT_FUNC
                     WDT_CONTR = 0x3e; /*进行分频，时间为4s，在空闲状态也计数，启动*/
              #endif
  69   1      
  70   1        while (1)
  71   1        {
  72   2      #ifdef WDT_FUNC
                     WDT_CONTR = 0x3e;  /* 4 seconds to 喂狗*/
              #endif
  75   2      
  76   2      #ifndef TRANSMIT_KEY
              /*
                key_value = tm1629_read_key();
                if( key_value != 0xff)
                {
                  uart_printf("key_value = %d  \r\n",(unsigned int)key_value);
                }
              */
              #endif
  85   2          KeyProcess();
  86   2          DecoderProcess();
  87   2      #ifndef AWAIT_VOICE_PATCH
              #ifdef REPLAY_PATCH /*sjz add 2015 11 30*/
              
                      replay_process();
              /*sjz add 2015 11 30 end*/
              #endif
              #endif
  94   2      
  95   2      #ifdef AWAIT_VOICE_PATCH
  96   2        await_voice_process();
  97   2      #endif
  98   2        }
  99   1      }
 100          
 101          
 102          


MODULE INFORMATION:   STATIC OVERLAYABLE
   CODE SIZE        =     47    ----
   CONSTANT SIZE    =   ----    ----
   XDATA SIZE       =   ----    ----
   PDATA SIZE       =   ----    ----
   DATA SIZE        =   ----    ----
   IDATA SIZE       =   ----    ----
   BIT SIZE         =   ----    ----
END OF MODULE INFORMATION.


C51 COMPILATION COMPLETE.  0 WARNING(S),  0 ERROR(S)
