C51 COMPILER V9.00   PRINTER                                                               03/10/2016 16:30:11 PAGE 1   


C51 COMPILER V9.00, COMPILATION OF MODULE PRINTER
OBJECT MODULE PLACED IN printer.obj
COMPILER INVOKED BY: C:\Keil\C51\BIN\C51.EXE Receiver\printer.c LARGE BROWSE INCDIR(.\Receiver) DEBUG OBJECTEXTEND PRINT
                    -(.\printer.lst) TABS(2) OBJECT(printer.obj)

line level    source

   1          /*****************************************************************
   2          2015 by quanzhou noraml university
   3          ******************************************************************/
   4          #include "global.h"
   5          #include "usart.h"
   6          #include "tm1629.h"
   7          #include "key.h"
   8          /************************************************
   9          
  10          1B 40   //打印机初始化
  11          1B 61 01   //居中
  12          57 65 6C 63 6F 6D 65  //welcome
  13          0A  //换行
  14          1B 21 10  // 倍高
  15          4E 6F 2E 20 30 30 31 33  //NO. 0013
  16          1B 21 00  //取消倍高
  17          0A  //换行
  18          77 61 69 74 20 6E 75 6D 62 65 72 3A 30 39 //wait number:02
  19          0A //换行
  20          1B 4A 21 //进纸
  21          1B 4A 21 //进纸
  22          1B 4A 21 //进纸
  23          
  24          
  25          **************************************************/
  26          
  27          /*********************************************
  28           initialization
  29          *********************************************/
  30          void printer58mm_print(void)
  31          {
  32   1        unsigned char i=0,temp=0;
  33   1       //   Usart1_SendData(); /*switch to uart1*/
  34   1          SendData(0x1B);      /*send command to printer for initialization*/
  35   1          SendData(0x40);     //初始化
  36   1      
  37   1      // temp test
  38   1          SendData(0x1B);   //设置居中
  39   1          SendData(0x61);
  40   1          SendData(0x01);
  41   1      
  42   1          SendData(0x57);   //welcome
  43   1          SendData(0x65);
  44   1          SendData(0x6C);
  45   1          SendData(0x63);
  46   1          SendData(0x6F);
  47   1          SendData(0x6D);
  48   1          SendData(0x65);
  49   1        
  50   1          SendData(0x0A); //换行
  51   1          SendData(0x0A); //换行
  52   1        
  53   1          SendData(0x1B); //倍高
  54   1          SendData(0x21);
C51 COMPILER V9.00   PRINTER                                                               03/10/2016 16:30:11 PAGE 2   

  55   1          SendData(0x10);
  56   1        
  57   1          SendData(0x4E); //No. 
  58   1          SendData(0x6F);
  59   1          SendData(0x2E);
  60   1          SendData(0x20);
  61   1       
  62   1          SendData(Line_number/100+0x30);
  63   1          SendData(0x20);
  64   1          SendData(Line_number%100/10+0x30);
  65   1          SendData(0x20); 
  66   1          SendData(Line_number%10+0x30);
  67   1          SendData(0x20);
  68   1          
  69   1          SendData(0x1B);//取消倍高
  70   1          SendData(0x21);
  71   1          SendData(0x00);
  72   1        
  73   1          SendData(0x0A);//换行
  74   1          SendData(0x0A);//换行
  75   1        
  76   1          SendData(0x77);//wait number 
  77   1          SendData(0x61);
  78   1          SendData(0x69);
  79   1          SendData(0x74);
  80   1          SendData(0x20);
  81   1          SendData(0x6E);
  82   1          SendData(0x75);
  83   1          SendData(0x6D);
  84   1          SendData(0x62);
  85   1          SendData(0x65);
  86   1          SendData(0x72);
  87   1          SendData(0x3A);
  88   1      
  89   1        if(Transmit_Data > (Line_number-1))
  90   1        {
  91   2          temp = 0;
  92   2        }
  93   1        else
  94   1        {
  95   2          temp=Line_number - Transmit_Data-1;
  96   2        }
  97   1          SendData(temp/100+0x30);
  98   1          SendData(temp%100/10+0x30);
  99   1          SendData(temp%10+0x30);
 100   1        
 101   1        
 102   1          SendData(0x0A);//换行
 103   1        
 104   1          SendData(0x1B); //进纸
 105   1          SendData(0x4A);
 106   1          SendData(0x21);
 107   1      
 108   1          SendData(0x1B);//进纸
 109   1          SendData(0x4A);
 110   1          SendData(0x21);
 111   1      
 112   1          SendData(0x1B);//进纸
 113   1          SendData(0x4A);
 114   1          SendData(0x21);
 115   1      
 116   1          SendData(0x1B);//进纸
C51 COMPILER V9.00   PRINTER                                                               03/10/2016 16:30:11 PAGE 3   

 117   1          SendData(0x4A);
 118   1          SendData(0x21);
 119   1      
 120   1          SendData(0x1B);//进纸
 121   1          SendData(0x4A);
 122   1          SendData(0x21); 
 123   1      
 124   1      // temp test
 125   1      }
 126          
 127          /*********************************************
 128           set the printer mode before use the printer
 129          *********************************************/
 130          void printer58mm_setmode(unsigned char mode)
 131          {
 132   1          SendData(0x1B);
 133   1          SendData(0x21);
 134   1          SendData(mode);
 135   1      }
 136          


MODULE INFORMATION:   STATIC OVERLAYABLE
   CODE SIZE        =    484    ----
   CONSTANT SIZE    =   ----    ----
   XDATA SIZE       =   ----       3
   PDATA SIZE       =   ----    ----
   DATA SIZE        =   ----    ----
   IDATA SIZE       =   ----    ----
   BIT SIZE         =   ----    ----
END OF MODULE INFORMATION.


C51 COMPILATION COMPLETE.  0 WARNING(S),  0 ERROR(S)
